OK ALTA AUTOR Author{id=1, name='Autor 1', numBooks=0, firstBookId=-1, lastBookId=-1}
OK ALTA AUTOR Author{id=2, name='Autor 2', numBooks=0, firstBookId=-1, lastBookId=-1}
OK INFO AUTOR Author{id=1, name='Autor 1', numBooks=0, firstBookId=-1, lastBookId=-1}
ERROR INFO LIBRO (Libro inexistente) 3
OK ALTA LIBRO Book{id=1, title='Libro 1 autor 1', authorId=1, nextBookId=-1}
OK ALTA LIBRO Book{id=2, title='Libro 2 autor 1', authorId=1, nextBookId=-1}
OK INFO LIBRO Book{id=1, title='Libro 1 autor 1', authorId=1, nextBookId=2}
   - Author{id=1, name='Autor 1', numBooks=2, firstBookId=1, lastBookId=2}
ERROR INFO AUTOR (Autor inexistente) 4
ERROR INFO LIBRO (Libro inexistente) 7
ERROR Operación desconocida: PATATA
OK INFO AUTOR Author{id=1, name='Autor 1', numBooks=2, firstBookId=1, lastBookId=2}
    1 - Book{id=1, title='Libro 1 autor 1', authorId=1, nextBookId=2}
    2 - Book{id=2, title='Libro 2 autor 1', authorId=1, nextBookId=-1}
OK ALTA LIBRO Book{id=3, title='Libro 1 autor 2', authorId=2, nextBookId=-1}
OK ALTA LIBRO Book{id=4, title='Libro 2 autor 2', authorId=2, nextBookId=-1}
OK ALTA LIBRO Book{id=5, title='Libro 3 autor 1', authorId=1, nextBookId=-1}
OK INFO AUTOR Author{id=1, name='Autor 1', numBooks=3, firstBookId=1, lastBookId=5}
    1 - Book{id=1, title='Libro 1 autor 1', authorId=1, nextBookId=2}
    2 - Book{id=2, title='Libro 2 autor 1', authorId=1, nextBookId=5}
    3 - Book{id=5, title='Libro 3 autor 1', authorId=1, nextBookId=-1}
OK INFO AUTOR Author{id=2, name='Autor 2', numBooks=2, firstBookId=3, lastBookId=4}
    1 - Book{id=3, title='Libro 1 autor 2', authorId=2, nextBookId=4}
    2 - Book{id=4, title='Libro 2 autor 2', authorId=2, nextBookId=-1}
